2020-04-29 12:04:420 INFO  BrowserSelector :19 - Launching Chrome Browser
2020-04-29 12:04:22 INFO  BrowserSelector :19 - Launching Chrome Browser
2020-04-29 12:04:315 INFO  BrowserSelector :19 - Launching Chrome Browser
2020-04-29 12:04:768 INFO  BrowserSelector :19 - Launching Chrome Browser
2020-04-29 12:04:347 INFO  BrowserSelector :19 - Launching Chrome Browser
2020-04-29 12:04:531 INFO  BrowserSelector :19 - Launching Chrome Browser
2020-04-29 12:04:100 INFO  BrowserSelector :19 - Launching Chrome Browser
2020-04-29 12:04:949 INFO  BrowserSelector :19 - Launching Chrome Browser
2020-04-29 12:04:948 INFO  BrowserSelector :19 - Launching Chrome Browser
2020-04-29 12:04:278 INFO  BrowserSelector :19 - Launching Chrome Browser
2020-04-29 12:04:267 INFO  BrowserSelector :19 - Launching Chrome Browser
2020-04-29 12:04:757 INFO  BrowserSelector :19 - Launching Chrome Browser
2020-04-29 12:04:772 INFO  BrowserSelector :19 - Launching Chrome Browser
2020-04-29 12:04:107 INFO  BrowserSelector :19 - Launching Chrome Browser
2020-04-29 12:04:156 INFO  BrowserSelector :19 - Launching Chrome Browser
2020-04-29 12:04:158 INFO  BrowserSelector :19 - Launching Chrome Browser
2020-04-29 12:04:902 INFO  BrowserSelector :19 - Launching Chrome Browser
2020-04-29 12:04:262 INFO  HomePage :27 - Clicking on login link : [[ChromeDriver: chrome on WINDOWS (65754363a44c022cf6b9c0bda6d26f2d)] -> link text: Log in]
2020-04-29 12:04:300 INFO  LoginPage :58 - verify welcome text: displayed on welcome text [[ChromeDriver: chrome on WINDOWS (65754363a44c022cf6b9c0bda6d26f2d)] -> xpath: //div[@class='page-title']//h1]
2020-04-29 12:04:975 INFO  BrowserSelector :19 - Launching Chrome Browser
2020-04-29 12:04:650 INFO  HomePage :27 - Clicking on login link : [[ChromeDriver: chrome on WINDOWS (dad354b796b207379525faa08d7bef0e)] -> link text: Log in]
2020-04-29 12:04:838 INFO  LoginPage :37 - Enter email : bjrpatel17@yahoo.com to email field [[ChromeDriver: chrome on WINDOWS (dad354b796b207379525faa08d7bef0e)] -> id: Email]
2020-04-29 12:04:950 INFO  LoginPage :45 - Enter password: abc123to password field[[ChromeDriver: chrome on WINDOWS (dad354b796b207379525faa08d7bef0e)] -> id: Password]
2020-04-29 12:04:37 INFO  LoginPage :52 - Click on login button[[ChromeDriver: chrome on WINDOWS (dad354b796b207379525faa08d7bef0e)] -> xpath: //input[@class='button-1 login-button']]
2020-04-29 12:04:704 INFO  BrowserSelector :19 - Launching Chrome Browser
2020-04-29 12:04:581 INFO  HomePage :27 - Clicking on login link : [[ChromeDriver: chrome on WINDOWS (a811f94a08f20d07c1e38d4c32addfee)] -> link text: Log in]
2020-04-29 12:04:701 INFO  LoginPage :37 - Enter email : xyz13@gmail.com to email field [[ChromeDriver: chrome on WINDOWS (a811f94a08f20d07c1e38d4c32addfee)] -> id: Email]
2020-04-29 12:04:809 INFO  LoginPage :45 - Enter password: abc123to password field[[ChromeDriver: chrome on WINDOWS (a811f94a08f20d07c1e38d4c32addfee)] -> id: Password]
2020-04-29 12:04:882 INFO  LoginPage :52 - Click on login button[[ChromeDriver: chrome on WINDOWS (a811f94a08f20d07c1e38d4c32addfee)] -> xpath: //input[@class='button-1 login-button']]
2020-04-29 12:04:614 INFO  BrowserSelector :19 - Launching Chrome Browser
2020-04-29 12:04:341 INFO  HomePage :27 - Clicking on login link : [[ChromeDriver: chrome on WINDOWS (3c0ab178c31ffc1ecc05146b945f4131)] -> link text: Log in]
2020-04-29 12:04:452 INFO  LoginPage :37 - Enter email : xyz1@gmail.com to email field [[ChromeDriver: chrome on WINDOWS (3c0ab178c31ffc1ecc05146b945f4131)] -> id: Email]
2020-04-29 12:04:559 INFO  LoginPage :45 - Enter password: abc1234to password field[[ChromeDriver: chrome on WINDOWS (3c0ab178c31ffc1ecc05146b945f4131)] -> id: Password]
2020-04-29 12:04:630 INFO  LoginPage :52 - Click on login button[[ChromeDriver: chrome on WINDOWS (3c0ab178c31ffc1ecc05146b945f4131)] -> xpath: //input[@class='button-1 login-button']]
2020-04-29 12:04:347 INFO  BrowserSelector :19 - Launching Chrome Browser
2020-04-29 12:04:360 INFO  HomePage :27 - Clicking on login link : [[ChromeDriver: chrome on WINDOWS (0971def3768467f99bc96d860b24cdee)] -> link text: Log in]
2020-04-29 12:04:477 INFO  LoginPage :37 - Enter email : ram111@yahoo.com to email field [[ChromeDriver: chrome on WINDOWS (0971def3768467f99bc96d860b24cdee)] -> id: Email]
2020-04-29 12:04:585 INFO  LoginPage :45 - Enter password: london3to password field[[ChromeDriver: chrome on WINDOWS (0971def3768467f99bc96d860b24cdee)] -> id: Password]
2020-04-29 12:04:648 INFO  LoginPage :52 - Click on login button[[ChromeDriver: chrome on WINDOWS (0971def3768467f99bc96d860b24cdee)] -> xpath: //input[@class='button-1 login-button']]
2020-04-29 12:04:205 INFO  BrowserSelector :19 - Launching Chrome Browser
2020-04-29 12:04:79 INFO  HomePage :27 - Clicking on login link : [[ChromeDriver: chrome on WINDOWS (4a8fed66f9f9269e89f8fa5f02d6baf8)] -> link text: Log in]
2020-04-29 12:04:214 INFO  LoginPage :37 - Enter email : ram222@yahoo.com to email field [[ChromeDriver: chrome on WINDOWS (4a8fed66f9f9269e89f8fa5f02d6baf8)] -> id: Email]
2020-04-29 12:04:323 INFO  LoginPage :45 - Enter password: london1to password field[[ChromeDriver: chrome on WINDOWS (4a8fed66f9f9269e89f8fa5f02d6baf8)] -> id: Password]
2020-04-29 12:04:401 INFO  LoginPage :52 - Click on login button[[ChromeDriver: chrome on WINDOWS (4a8fed66f9f9269e89f8fa5f02d6baf8)] -> xpath: //input[@class='button-1 login-button']]
2020-04-29 12:04:803 INFO  BrowserSelector :19 - Launching Chrome Browser
2020-04-29 12:04:252 INFO  HomePage :27 - Clicking on login link : [[ChromeDriver: chrome on WINDOWS (e942435e08abf28a561e0b233b12527f)] -> link text: Log in]
2020-04-29 12:04:455 INFO  LoginPage :37 - Enter email : xyz13@gmail.com to email field [[ChromeDriver: chrome on WINDOWS (e942435e08abf28a561e0b233b12527f)] -> xpath: //input[@id='Email']]
2020-04-29 12:04:593 INFO  LoginPage :45 - Enter password: abc123to password field[[ChromeDriver: chrome on WINDOWS (e942435e08abf28a561e0b233b12527f)] -> id: Password]
2020-04-29 12:04:230 INFO  LoginPage :52 - Click on login buttonProxy element for: DefaultElementLocator 'By.xpath: //input[@class='button-1 login-button']'
2020-04-29 12:04:301 INFO  LoginPage :67 - Verify welcome store text: displayed on welcome store page[[ChromeDriver: chrome on WINDOWS (e942435e08abf28a561e0b233b12527f)] -> xpath: //div[@class='topic-block-title']//h2[text()='Welcome to our store']]
2020-04-29 12:04:961 INFO  BrowserSelector :19 - Launching Chrome Browser
2020-04-29 12:04:410 INFO  HomePage :27 - Clicking on login link : [[ChromeDriver: chrome on WINDOWS (0859300bb2c34b0e8dd80bd792ab253f)] -> link text: Log in]
2020-04-29 12:04:524 INFO  LoginPage :37 - Enter email : xyz1@gmail.com to email field [[ChromeDriver: chrome on WINDOWS (0859300bb2c34b0e8dd80bd792ab253f)] -> xpath: //input[@id='Email']]
2020-04-29 12:04:654 INFO  LoginPage :45 - Enter password: abc1234to password field[[ChromeDriver: chrome on WINDOWS (0859300bb2c34b0e8dd80bd792ab253f)] -> id: Password]
2020-04-29 12:04:732 INFO  LoginPage :52 - Click on login button[[ChromeDriver: chrome on WINDOWS (0859300bb2c34b0e8dd80bd792ab253f)] -> xpath: //input[@class='button-1 login-button']]
2020-04-29 12:04:357 INFO  BrowserSelector :19 - Launching Chrome Browser
2020-04-29 12:04:350 INFO  HomePage :27 - Clicking on login link : [[ChromeDriver: chrome on WINDOWS (8b113b49155355342c398a25067867ec)] -> link text: Log in]
2020-04-29 12:04:542 INFO  LoginPage :37 - Enter email : ram111@yahoo.com to email field [[ChromeDriver: chrome on WINDOWS (8b113b49155355342c398a25067867ec)] -> xpath: //input[@id='Email']]
2020-04-29 12:04:674 INFO  LoginPage :45 - Enter password: london3to password field[[ChromeDriver: chrome on WINDOWS (8b113b49155355342c398a25067867ec)] -> id: Password]
2020-04-29 12:04:856 INFO  LoginPage :52 - Click on login buttonProxy element for: DefaultElementLocator 'By.xpath: //input[@class='button-1 login-button']'
2020-04-29 12:04:924 INFO  LoginPage :67 - Verify welcome store text: displayed on welcome store page[[ChromeDriver: chrome on WINDOWS (8b113b49155355342c398a25067867ec)] -> xpath: //div[@class='topic-block-title']//h2[text()='Welcome to our store']]
2020-04-29 12:04:607 INFO  BrowserSelector :19 - Launching Chrome Browser
2020-04-29 12:04:719 INFO  HomePage :27 - Clicking on login link : [[ChromeDriver: chrome on WINDOWS (ebe1fcf4dc05c05b0fe7e059af47be5f)] -> link text: Log in]
2020-04-29 12:04:831 INFO  LoginPage :37 - Enter email : ram222@yahoo.com to email field [[ChromeDriver: chrome on WINDOWS (ebe1fcf4dc05c05b0fe7e059af47be5f)] -> xpath: //input[@id='Email']]
2020-04-29 12:04:967 INFO  LoginPage :45 - Enter password: london1to password field[[ChromeDriver: chrome on WINDOWS (ebe1fcf4dc05c05b0fe7e059af47be5f)] -> id: Password]
2020-04-29 12:04:61 INFO  LoginPage :52 - Click on login button[[ChromeDriver: chrome on WINDOWS (ebe1fcf4dc05c05b0fe7e059af47be5f)] -> xpath: //input[@class='button-1 login-button']]
2020-04-29 12:04:689 INFO  BrowserSelector :19 - Launching Chrome Browser
2020-04-29 12:04:259 INFO  HomePage :27 - Clicking on login link : [[ChromeDriver: chrome on WINDOWS (1c5aeef671c772dd7ea74685214daf9c)] -> link text: Log in]
2020-04-29 12:04:411 INFO  LoginPage :37 - Enter email : ram333@yahoo.com to email field [[ChromeDriver: chrome on WINDOWS (1c5aeef671c772dd7ea74685214daf9c)] -> xpath: //input[@id='Email']]
2020-04-29 12:04:578 INFO  LoginPage :45 - Enter password: london2to password field[[ChromeDriver: chrome on WINDOWS (1c5aeef671c772dd7ea74685214daf9c)] -> id: Password]
2020-04-29 12:04:660 INFO  LoginPage :52 - Click on login button[[ChromeDriver: chrome on WINDOWS (1c5aeef671c772dd7ea74685214daf9c)] -> xpath: //input[@class='button-1 login-button']]
2020-04-29 12:04:214 INFO  BrowserSelector :19 - Launching Chrome Browser
2020-04-29 12:04:236 INFO  HomePage :27 - Clicking on login link : [[ChromeDriver: chrome on WINDOWS (4724be093b6ca5f80cd29d919b5b5cb8)] -> link text: Log in]
2020-04-29 12:04:376 INFO  LoginPage :37 - Enter email : ram444@yahoo.com to email field [[ChromeDriver: chrome on WINDOWS (4724be093b6ca5f80cd29d919b5b5cb8)] -> xpath: //input[@id='Email']]
2020-04-29 12:04:509 INFO  LoginPage :45 - Enter password: london4to password field[[ChromeDriver: chrome on WINDOWS (4724be093b6ca5f80cd29d919b5b5cb8)] -> id: Password]
2020-04-29 12:04:581 INFO  LoginPage :52 - Click on login button[[ChromeDriver: chrome on WINDOWS (4724be093b6ca5f80cd29d919b5b5cb8)] -> xpath: //input[@class='button-1 login-button']]
2020-04-29 12:04:275 INFO  BrowserSelector :19 - Launching Chrome Browser
2020-04-29 12:04:504 INFO  HomePage :27 - Clicking on login link : [[ChromeDriver: chrome on WINDOWS (31e56b0fa491fe59228ae3a6fb34b8bf)] -> link text: Log in]
2020-04-29 12:04:653 INFO  LoginPage :37 - Enter email : ram555@yahoo.com to email field [[ChromeDriver: chrome on WINDOWS (31e56b0fa491fe59228ae3a6fb34b8bf)] -> xpath: //input[@id='Email']]
2020-04-29 12:04:771 INFO  LoginPage :45 - Enter password: london5to password field[[ChromeDriver: chrome on WINDOWS (31e56b0fa491fe59228ae3a6fb34b8bf)] -> id: Password]
2020-04-29 12:04:482 INFO  LoginPage :52 - Click on login buttonProxy element for: DefaultElementLocator 'By.xpath: //input[@class='button-1 login-button']'
2020-04-29 12:04:545 INFO  LoginPage :67 - Verify welcome store text: displayed on welcome store page[[ChromeDriver: chrome on WINDOWS (31e56b0fa491fe59228ae3a6fb34b8bf)] -> xpath: //div[@class='topic-block-title']//h2[text()='Welcome to our store']]
2020-04-29 13:04:955 INFO  BrowserSelector :19 - Launching Chrome Browser
2020-04-29 13:04:868 INFO  HomePage :27 - Clicking on login link : [[ChromeDriver: chrome on WINDOWS (23d0bdace123b7d78b605dcde27fe5e8)] -> link text: Log in]
2020-04-29 13:04:14 INFO  LoginPage :37 - Enter email : xyz13@gmail.com to email field [[ChromeDriver: chrome on WINDOWS (23d0bdace123b7d78b605dcde27fe5e8)] -> xpath: //input[@id='Email']]
2020-04-29 13:04:166 INFO  LoginPage :45 - Enter password: abc123to password field[[ChromeDriver: chrome on WINDOWS (23d0bdace123b7d78b605dcde27fe5e8)] -> id: Password]
2020-04-29 13:04:238 INFO  LoginPage :52 - Click on login button[[ChromeDriver: chrome on WINDOWS (23d0bdace123b7d78b605dcde27fe5e8)] -> xpath: //input[@class='button-1 login-button']]
2020-04-29 13:04:363 INFO  LoginPage :67 - Verify welcome store text: displayed on welcome store pageProxy element for: DefaultElementLocator 'By.xpath: //div[@class='topic-block-title']//h2[text()='Welcome to our store']'
2020-04-29 13:04:549 INFO  BrowserSelector :19 - Launching Chrome Browser
2020-04-29 13:04:474 INFO  HomePage :27 - Clicking on login link : [[ChromeDriver: chrome on WINDOWS (97e5c6b0bb5d26869ae6d350ce1854b9)] -> link text: Log in]
2020-04-29 13:04:624 INFO  LoginPage :37 - Enter email : xyz1@gmail.com to email field [[ChromeDriver: chrome on WINDOWS (97e5c6b0bb5d26869ae6d350ce1854b9)] -> xpath: //input[@id='Email']]
2020-04-29 13:04:734 INFO  LoginPage :45 - Enter password: abc1234to password field[[ChromeDriver: chrome on WINDOWS (97e5c6b0bb5d26869ae6d350ce1854b9)] -> id: Password]
2020-04-29 13:04:818 INFO  LoginPage :52 - Click on login button[[ChromeDriver: chrome on WINDOWS (97e5c6b0bb5d26869ae6d350ce1854b9)] -> xpath: //input[@class='button-1 login-button']]
2020-04-29 13:04:931 INFO  LoginPage :67 - Verify welcome store text: displayed on welcome store pageProxy element for: DefaultElementLocator 'By.xpath: //div[@class='topic-block-title']//h2[text()='Welcome to our store']'
2020-04-29 13:04:919 INFO  BrowserSelector :19 - Launching Chrome Browser
2020-04-29 13:04:743 INFO  HomePage :27 - Clicking on login link : [[ChromeDriver: chrome on WINDOWS (00e36871dcbc8043c03fb22ee58aff41)] -> link text: Log in]
2020-04-29 13:04:855 INFO  LoginPage :37 - Enter email : ram111@yahoo.com to email field [[ChromeDriver: chrome on WINDOWS (00e36871dcbc8043c03fb22ee58aff41)] -> xpath: //input[@id='Email']]
2020-04-29 13:04:960 INFO  LoginPage :45 - Enter password: london3to password field[[ChromeDriver: chrome on WINDOWS (00e36871dcbc8043c03fb22ee58aff41)] -> id: Password]
2020-04-29 13:04:31 INFO  LoginPage :52 - Click on login button[[ChromeDriver: chrome on WINDOWS (00e36871dcbc8043c03fb22ee58aff41)] -> xpath: //input[@class='button-1 login-button']]
2020-04-29 13:04:83 INFO  LoginPage :67 - Verify welcome store text: displayed on welcome store pageProxy element for: DefaultElementLocator 'By.xpath: //div[@class='topic-block-title']//h2[text()='Welcome to our store']'
2020-04-29 13:04:133 INFO  BrowserSelector :19 - Launching Chrome Browser
2020-04-29 13:04:796 INFO  HomePage :27 - Clicking on login link : [[ChromeDriver: chrome on WINDOWS (4332dfc57c986b6fbf9a4103a9672b21)] -> link text: Log in]
2020-04-29 13:04:931 INFO  LoginPage :37 - Enter email : ram222@yahoo.com to email field [[ChromeDriver: chrome on WINDOWS (4332dfc57c986b6fbf9a4103a9672b21)] -> xpath: //input[@id='Email']]
2020-04-29 13:04:40 INFO  LoginPage :45 - Enter password: london1to password field[[ChromeDriver: chrome on WINDOWS (4332dfc57c986b6fbf9a4103a9672b21)] -> id: Password]
2020-04-29 13:04:118 INFO  LoginPage :52 - Click on login button[[ChromeDriver: chrome on WINDOWS (4332dfc57c986b6fbf9a4103a9672b21)] -> xpath: //input[@class='button-1 login-button']]
2020-04-29 13:04:242 INFO  LoginPage :67 - Verify welcome store text: displayed on welcome store pageProxy element for: DefaultElementLocator 'By.xpath: //div[@class='topic-block-title']//h2[text()='Welcome to our store']'
2020-04-29 13:04:271 INFO  BrowserSelector :19 - Launching Chrome Browser
2020-04-29 13:04:727 INFO  HomePage :27 - Clicking on login link : [[ChromeDriver: chrome on WINDOWS (f635bee9819a863241ddf2ccf264362e)] -> link text: Log in]
2020-04-29 13:04:856 INFO  LoginPage :37 - Enter email : ram333@yahoo.com to email field [[ChromeDriver: chrome on WINDOWS (f635bee9819a863241ddf2ccf264362e)] -> xpath: //input[@id='Email']]
2020-04-29 13:04:969 INFO  LoginPage :45 - Enter password: london2to password field[[ChromeDriver: chrome on WINDOWS (f635bee9819a863241ddf2ccf264362e)] -> id: Password]
2020-04-29 13:04:49 INFO  LoginPage :52 - Click on login button[[ChromeDriver: chrome on WINDOWS (f635bee9819a863241ddf2ccf264362e)] -> xpath: //input[@class='button-1 login-button']]
2020-04-29 15:04:472 INFO  BrowserSelector :19 - Launching Chrome Browser
2020-04-29 15:04:582 INFO  BrowserSelector :19 - Launching Chrome Browser
2020-04-29 15:04:769 INFO  BrowserSelector :19 - Launching Chrome Browser
2020-04-29 15:04:508 INFO  BrowserSelector :19 - Launching Chrome Browser
2020-04-29 15:04:513 INFO  BrowserSelector :19 - Launching Chrome Browser
2020-04-29 15:04:52 INFO  BrowserSelector :19 - Launching Chrome Browser
2020-04-29 15:04:886 INFO  BrowserSelector :19 - Launching Chrome Browser
2020-04-29 15:04:365 INFO  BrowserSelector :19 - Launching Chrome Browser
2020-04-29 15:04:926 INFO  BrowserSelector :19 - Launching Chrome Browser
2020-04-29 15:04:32 INFO  BrowserSelector :19 - Launching Chrome Browser
2020-04-29 15:04:533 INFO  BrowserSelector :19 - Launching Chrome Browser
2020-04-29 15:04:915 INFO  BrowserSelector :19 - Launching Chrome Browser
2020-04-29 15:04:536 INFO  BrowserSelector :19 - Launching Chrome Browser
2020-04-29 15:04:740 INFO  BrowserSelector :19 - Launching Chrome Browser
2020-04-29 15:04:959 INFO  BrowserSelector :19 - Launching Chrome Browser
2020-04-29 15:04:946 INFO  BrowserSelector :19 - Launching Chrome Browser
2020-04-29 15:04:09 INFO  BrowserSelector :19 - Launching Chrome Browser
2020-04-29 15:04:928 INFO  BrowserSelector :19 - Launching Chrome Browser
2020-04-29 15:04:157 INFO  BrowserSelector :19 - Launching Chrome Browser
2020-04-29 16:04:837 INFO  BrowserSelector :20 - Launching Chrome Browser
2020-04-29 16:04:351 INFO  HomePage :40 - Clicking on Computer link : [[ChromeDriver: chrome on WINDOWS (e1ddce37f407b7ae44837adff5463f13)] -> link text: Computers]
2020-04-29 16:04:378 INFO  ComputerPage :24 -  verify Computer text [[ChromeDriver: chrome on WINDOWS (e1ddce37f407b7ae44837adff5463f13)] -> xpath: //h1[contains(text(),'Computers')]]
2020-04-29 16:04:85 INFO  BrowserSelector :20 - Launching Chrome Browser
2020-04-29 16:04:39 INFO  BrowserSelector :20 - Launching Chrome Browser
2020-04-29 16:04:533 INFO  HomePage :40 - Clicking on Computer link : [[ChromeDriver: chrome on WINDOWS (1b168d7b8b3a77f05d4363b724c829c1)] -> link text: Computers]
2020-04-29 16:04:561 INFO  ComputerPage :24 -  verify Computer text [[ChromeDriver: chrome on WINDOWS (1b168d7b8b3a77f05d4363b724c829c1)] -> xpath: //h1[contains(text(),'Computers')]]
2020-04-29 16:04:249 INFO  BrowserSelector :20 - Launching Chrome Browser
2020-04-29 16:04:153 INFO  HomePage :40 - Clicking on Computer link : [[ChromeDriver: chrome on WINDOWS (402aaa45bb0576c874fec79df5e5b504)] -> link text: Computers]
2020-04-29 16:04:186 INFO  ComputerPage :24 -  verify Computer text [[ChromeDriver: chrome on WINDOWS (402aaa45bb0576c874fec79df5e5b504)] -> xpath: //h1[contains(text(),'Computers')]]
2020-04-29 16:04:308 INFO  ComputerPage :33 - Clicking on Desktop ButtonProxy element for: DefaultElementLocator 'By.xpath: //li[@class='inactive']//a[@href='/desktops']'
2020-04-29 16:04:854 INFO  DesktopPage :31 - Clicking on build your computer linkProxy element for: DefaultElementLocator 'By.linkText: Build your own computer'
2020-04-29 16:04:928 INFO  DesktopPage :38 - Clicking on 400GB hard disk drive[[ChromeDriver: chrome on WINDOWS (402aaa45bb0576c874fec79df5e5b504)] -> id: product_attribute_3_7]
2020-04-29 16:04:00 INFO  DesktopPage :45 - Clicking on add to card button[[ChromeDriver: chrome on WINDOWS (402aaa45bb0576c874fec79df5e5b504)] -> id: add-to-cart-button-1]
2020-04-29 16:04:721 INFO  DesktopPage :51 - Verify product add successfuly text[[ChromeDriver: chrome on WINDOWS (402aaa45bb0576c874fec79df5e5b504)] -> xpath: //p[@class='content']]
2020-04-29 16:04:823 INFO  BrowserSelector :20 - Launching Chrome Browser
2020-04-29 16:04:946 INFO  HomePage :27 - Clicking on login link : [[ChromeDriver: chrome on WINDOWS (24ec2a76b0290804ffa088857312f069)] -> link text: Log in]
2020-04-29 16:04:981 INFO  LoginPage :58 - verify welcome text: displayed on welcome text [[ChromeDriver: chrome on WINDOWS (24ec2a76b0290804ffa088857312f069)] -> xpath: //div[@class='page-title']//h1]
2020-04-29 16:04:650 INFO  BrowserSelector :20 - Launching Chrome Browser
2020-04-29 16:04:808 INFO  HomePage :27 - Clicking on login link : [[ChromeDriver: chrome on WINDOWS (a3090d3eb226f4331227aa2abdf10f62)] -> link text: Log in]
2020-04-29 16:04:945 INFO  LoginPage :37 - Enter email : bjrpatel17@yahoo.com to email field [[ChromeDriver: chrome on WINDOWS (a3090d3eb226f4331227aa2abdf10f62)] -> xpath: //input[@id='Email']]
2020-04-29 16:04:67 INFO  LoginPage :45 - Enter password: abc123to password field[[ChromeDriver: chrome on WINDOWS (a3090d3eb226f4331227aa2abdf10f62)] -> id: Password]
2020-04-29 16:04:137 INFO  LoginPage :52 - Click on login button[[ChromeDriver: chrome on WINDOWS (a3090d3eb226f4331227aa2abdf10f62)] -> xpath: //input[@class='button-1 login-button']]
2020-04-29 16:04:195 INFO  LoginPage :67 - Verify welcome store text: displayed on welcome store pageProxy element for: DefaultElementLocator 'By.xpath: //div[@class='topic-block-title']//h2[text()='Welcome to our store']'
2020-04-29 16:04:179 INFO  BrowserSelector :20 - Launching Chrome Browser
2020-04-29 16:04:320 INFO  HomePage :27 - Clicking on login link : [[ChromeDriver: chrome on WINDOWS (890fbd608b2d46b58e57bc7984f37081)] -> link text: Log in]
2020-04-29 16:04:431 INFO  LoginPage :37 - Enter email : xyz13@gmail.com to email field [[ChromeDriver: chrome on WINDOWS (890fbd608b2d46b58e57bc7984f37081)] -> xpath: //input[@id='Email']]
2020-04-29 16:04:535 INFO  LoginPage :45 - Enter password: abc123to password field[[ChromeDriver: chrome on WINDOWS (890fbd608b2d46b58e57bc7984f37081)] -> id: Password]
2020-04-29 16:04:606 INFO  LoginPage :52 - Click on login button[[ChromeDriver: chrome on WINDOWS (890fbd608b2d46b58e57bc7984f37081)] -> xpath: //input[@class='button-1 login-button']]
2020-04-29 16:04:719 INFO  LoginPage :67 - Verify welcome store text: displayed on welcome store pageProxy element for: DefaultElementLocator 'By.xpath: //div[@class='topic-block-title']//h2[text()='Welcome to our store']'
2020-04-29 16:04:791 INFO  BrowserSelector :20 - Launching Chrome Browser
2020-04-29 16:04:923 INFO  HomePage :27 - Clicking on login link : [[ChromeDriver: chrome on WINDOWS (f7c5815d4ed98d97a17f7bb997cd6eda)] -> link text: Log in]
2020-04-29 16:04:35 INFO  LoginPage :37 - Enter email : xyz1@gmail.com to email field [[ChromeDriver: chrome on WINDOWS (f7c5815d4ed98d97a17f7bb997cd6eda)] -> xpath: //input[@id='Email']]
2020-04-29 16:04:154 INFO  LoginPage :45 - Enter password: abc1234to password field[[ChromeDriver: chrome on WINDOWS (f7c5815d4ed98d97a17f7bb997cd6eda)] -> id: Password]
2020-04-29 16:04:256 INFO  LoginPage :52 - Click on login button[[ChromeDriver: chrome on WINDOWS (f7c5815d4ed98d97a17f7bb997cd6eda)] -> xpath: //input[@class='button-1 login-button']]
2020-04-29 16:04:333 INFO  LoginPage :67 - Verify welcome store text: displayed on welcome store pageProxy element for: DefaultElementLocator 'By.xpath: //div[@class='topic-block-title']//h2[text()='Welcome to our store']'
2020-04-29 16:04:338 INFO  BrowserSelector :20 - Launching Chrome Browser
2020-04-29 16:04:704 INFO  HomePage :27 - Clicking on login link : [[ChromeDriver: chrome on WINDOWS (996b3a131cbf219a4ac22d975e3abed5)] -> link text: Log in]
2020-04-29 16:04:863 INFO  LoginPage :37 - Enter email : ram111@yahoo.com to email field [[ChromeDriver: chrome on WINDOWS (996b3a131cbf219a4ac22d975e3abed5)] -> xpath: //input[@id='Email']]
2020-04-29 16:04:02 INFO  LoginPage :45 - Enter password: london3to password field[[ChromeDriver: chrome on WINDOWS (996b3a131cbf219a4ac22d975e3abed5)] -> id: Password]
2020-04-29 16:04:84 INFO  LoginPage :52 - Click on login button[[ChromeDriver: chrome on WINDOWS (996b3a131cbf219a4ac22d975e3abed5)] -> xpath: //input[@class='button-1 login-button']]
2020-04-29 16:04:138 INFO  LoginPage :67 - Verify welcome store text: displayed on welcome store pageProxy element for: DefaultElementLocator 'By.xpath: //div[@class='topic-block-title']//h2[text()='Welcome to our store']'
2020-04-29 16:04:136 INFO  BrowserSelector :20 - Launching Chrome Browser
2020-04-29 16:04:491 INFO  HomePage :27 - Clicking on login link : [[ChromeDriver: chrome on WINDOWS (16d1e027e9b7f464504d9c59146ee476)] -> link text: Log in]
2020-04-29 16:04:621 INFO  LoginPage :37 - Enter email : ram222@yahoo.com to email field [[ChromeDriver: chrome on WINDOWS (16d1e027e9b7f464504d9c59146ee476)] -> xpath: //input[@id='Email']]
2020-04-29 16:04:723 INFO  LoginPage :45 - Enter password: london1to password field[[ChromeDriver: chrome on WINDOWS (16d1e027e9b7f464504d9c59146ee476)] -> id: Password]
2020-04-29 16:04:788 INFO  LoginPage :52 - Click on login button[[ChromeDriver: chrome on WINDOWS (16d1e027e9b7f464504d9c59146ee476)] -> xpath: //input[@class='button-1 login-button']]
2020-04-29 16:04:830 INFO  LoginPage :67 - Verify welcome store text: displayed on welcome store pageProxy element for: DefaultElementLocator 'By.xpath: //div[@class='topic-block-title']//h2[text()='Welcome to our store']'
2020-04-29 16:04:820 INFO  BrowserSelector :20 - Launching Chrome Browser
2020-04-29 16:04:586 INFO  HomePage :27 - Clicking on login link : [[ChromeDriver: chrome on WINDOWS (dbebfdf04278d7886d3ca1675206ebc3)] -> link text: Log in]
2020-04-29 16:04:733 INFO  LoginPage :37 - Enter email : ram333@yahoo.com to email field [[ChromeDriver: chrome on WINDOWS (dbebfdf04278d7886d3ca1675206ebc3)] -> xpath: //input[@id='Email']]
2020-04-29 16:04:875 INFO  LoginPage :45 - Enter password: london2to password field[[ChromeDriver: chrome on WINDOWS (dbebfdf04278d7886d3ca1675206ebc3)] -> id: Password]
2020-04-29 16:04:960 INFO  LoginPage :52 - Click on login button[[ChromeDriver: chrome on WINDOWS (dbebfdf04278d7886d3ca1675206ebc3)] -> xpath: //input[@class='button-1 login-button']]
2020-04-29 16:04:32 INFO  LoginPage :67 - Verify welcome store text: displayed on welcome store pageProxy element for: DefaultElementLocator 'By.xpath: //div[@class='topic-block-title']//h2[text()='Welcome to our store']'
2020-04-29 16:04:68 INFO  BrowserSelector :20 - Launching Chrome Browser
2020-04-29 16:04:346 INFO  HomePage :27 - Clicking on login link : [[ChromeDriver: chrome on WINDOWS (a8b8bdfe71d3897326801fec6bea3723)] -> link text: Log in]
2020-04-29 16:04:480 INFO  LoginPage :37 - Enter email : ram444@yahoo.com to email field [[ChromeDriver: chrome on WINDOWS (a8b8bdfe71d3897326801fec6bea3723)] -> xpath: //input[@id='Email']]
2020-04-29 16:04:596 INFO  LoginPage :45 - Enter password: london4to password field[[ChromeDriver: chrome on WINDOWS (a8b8bdfe71d3897326801fec6bea3723)] -> id: Password]
2020-04-29 16:04:08 INFO  LoginPage :52 - Click on login buttonProxy element for: DefaultElementLocator 'By.xpath: //input[@class='button-1 login-button']'
2020-04-29 16:04:36 INFO  LoginPage :67 - Verify welcome store text: displayed on welcome store page[[ChromeDriver: chrome on WINDOWS (a8b8bdfe71d3897326801fec6bea3723)] -> xpath: //div[@class='topic-block-title']//h2[text()='Welcome to our store']]
2020-04-29 16:04:684 INFO  BrowserSelector :20 - Launching Chrome Browser
2020-04-29 16:04:991 INFO  HomePage :27 - Clicking on login link : [[ChromeDriver: chrome on WINDOWS (395b391442ca7e6c43a68f8df5247c4d)] -> link text: Log in]
2020-04-29 16:04:104 INFO  LoginPage :37 - Enter email : ram555@yahoo.com to email field [[ChromeDriver: chrome on WINDOWS (395b391442ca7e6c43a68f8df5247c4d)] -> xpath: //input[@id='Email']]
2020-04-29 16:04:226 INFO  LoginPage :45 - Enter password: london5to password field[[ChromeDriver: chrome on WINDOWS (395b391442ca7e6c43a68f8df5247c4d)] -> id: Password]
2020-04-29 16:04:306 INFO  LoginPage :52 - Click on login button[[ChromeDriver: chrome on WINDOWS (395b391442ca7e6c43a68f8df5247c4d)] -> xpath: //input[@class='button-1 login-button']]
2020-04-29 16:04:392 INFO  LoginPage :67 - Verify welcome store text: displayed on welcome store pageProxy element for: DefaultElementLocator 'By.xpath: //div[@class='topic-block-title']//h2[text()='Welcome to our store']'
2020-04-29 16:04:547 INFO  BrowserSelector :20 - Launching Chrome Browser
2020-04-29 16:04:934 INFO  HomePage :33 - Clicking on register link : [[ChromeDriver: chrome on WINDOWS (b4d9f664f6b8fdd41f7e64b886ce05a7)] -> xpath: //a[@class='ico-register']]
2020-04-29 16:04:54 INFO  RegisterPage :64 - Verify personal Text:  displayed on personal text page[[ChromeDriver: chrome on WINDOWS (b4d9f664f6b8fdd41f7e64b886ce05a7)] -> xpath: //div[@class='title']//strong[text()='Your Personal Details']]
2020-04-29 16:04:692 INFO  BrowserSelector :20 - Launching Chrome Browser
2020-04-29 16:04:42 INFO  HomePage :33 - Clicking on register link : [[ChromeDriver: chrome on WINDOWS (8ce7d3614720302af0320003f298a653)] -> xpath: //a[@class='ico-register']]
2020-04-29 16:04:175 INFO  RegisterPage :83 - Enter first Name: Jitu to first name field [[ChromeDriver: chrome on WINDOWS (8ce7d3614720302af0320003f298a653)] -> xpath: //input[@id='FirstName']]
2020-04-29 16:04:254 INFO  RegisterPage :90 - Enter last name Patel to last name field[[ChromeDriver: chrome on WINDOWS (8ce7d3614720302af0320003f298a653)] -> xpath: //input[@id='LastName']]
2020-04-29 16:04:315 INFO  RegisterPage :97 - Enter date 01 to date field [[ChromeDriver: chrome on WINDOWS (8ce7d3614720302af0320003f298a653)] -> xpath: //select[@name='DateOfBirthDay']]
2020-04-29 16:04:363 INFO  RegisterPage :97 - Enter date May to date field [[ChromeDriver: chrome on WINDOWS (8ce7d3614720302af0320003f298a653)] -> xpath: //select[@name='DateOfBirthDay']]
2020-04-29 16:04:444 INFO  RegisterPage :97 - Enter date 1979 to date field [[ChromeDriver: chrome on WINDOWS (8ce7d3614720302af0320003f298a653)] -> xpath: //select[@name='DateOfBirthDay']]
2020-04-29 16:04:551 INFO  RegisterPage :119 - Enter email testgYK@gmail.com to email field [[ChromeDriver: chrome on WINDOWS (8ce7d3614720302af0320003f298a653)] -> id: Email]
2020-04-29 16:04:618 INFO  RegisterPage :131 - Enter company name Prime to company's name field [[ChromeDriver: chrome on WINDOWS (8ce7d3614720302af0320003f298a653)] -> xpath: //input[@name='Company']]
2020-04-29 16:04:690 INFO  RegisterPage :138 -  Enter password abc123 to password field [[ChromeDriver: chrome on WINDOWS (8ce7d3614720302af0320003f298a653)] -> xpath: //input[@name='Password']]
2020-04-29 16:04:762 INFO  RegisterPage :145 -  Enter confirm passwordabc123 to confirm password field [[ChromeDriver: chrome on WINDOWS (8ce7d3614720302af0320003f298a653)] -> xpath: //input[@name='ConfirmPassword']]
2020-04-29 16:04:726 INFO  RegisterPage :152 -  Click on register button Proxy element for: DefaultElementLocator 'By.xpath: //input[@name='register-button']'
2020-04-29 16:04:758 INFO  RegisterPage :158 - Verify register Text:  displayed on register page [[ChromeDriver: chrome on WINDOWS (8ce7d3614720302af0320003f298a653)] -> xpath: //div[@class='page-body']//div[text()='Your registration completed']]
2020-04-29 16:04:461 INFO  BrowserSelector :20 - Launching Chrome Browser
2020-04-29 16:04:589 INFO  HomePage :33 - Clicking on register link : [[ChromeDriver: chrome on WINDOWS (f4f9bda9ed44ea5cc82d8d0b44a3bfd8)] -> xpath: //a[@class='ico-register']]
2020-04-29 16:04:653 INFO  RegisterPage :90 - Enter last name A to last name field[[ChromeDriver: chrome on WINDOWS (f4f9bda9ed44ea5cc82d8d0b44a3bfd8)] -> xpath: //input[@id='LastName']]
2020-04-29 16:04:722 INFO  RegisterPage :97 - Enter date 1 to date field [[ChromeDriver: chrome on WINDOWS (f4f9bda9ed44ea5cc82d8d0b44a3bfd8)] -> xpath: //select[@name='DateOfBirthDay']]
2020-04-29 16:04:774 INFO  RegisterPage :97 - Enter date February to date field [[ChromeDriver: chrome on WINDOWS (f4f9bda9ed44ea5cc82d8d0b44a3bfd8)] -> xpath: //select[@name='DateOfBirthDay']]
2020-04-29 16:04:822 INFO  RegisterPage :97 - Enter date 2008 to date field [[ChromeDriver: chrome on WINDOWS (f4f9bda9ed44ea5cc82d8d0b44a3bfd8)] -> xpath: //select[@name='DateOfBirthDay']]
2020-04-29 16:04:910 INFO  RegisterPage :124 - Enter email abc@gmail.com to email field [[ChromeDriver: chrome on WINDOWS (f4f9bda9ed44ea5cc82d8d0b44a3bfd8)] -> id: Email]
2020-04-29 16:04:983 INFO  RegisterPage :131 - Enter company name Prime to company's name field [[ChromeDriver: chrome on WINDOWS (f4f9bda9ed44ea5cc82d8d0b44a3bfd8)] -> xpath: //input[@name='Company']]
2020-04-29 16:04:59 INFO  RegisterPage :138 -  Enter password abc123 to password field [[ChromeDriver: chrome on WINDOWS (f4f9bda9ed44ea5cc82d8d0b44a3bfd8)] -> xpath: //input[@name='Password']]
2020-04-29 16:04:126 INFO  RegisterPage :145 -  Enter confirm passwordabc123 to confirm password field [[ChromeDriver: chrome on WINDOWS (f4f9bda9ed44ea5cc82d8d0b44a3bfd8)] -> xpath: //input[@name='ConfirmPassword']]
2020-04-29 16:04:204 INFO  RegisterPage :152 -  Click on register button [[ChromeDriver: chrome on WINDOWS (f4f9bda9ed44ea5cc82d8d0b44a3bfd8)] -> xpath: //input[@name='register-button']]
2020-04-29 16:04:223 INFO  RegisterPage :163 - Verify register Text:  displayed on register page [[ChromeDriver: chrome on WINDOWS (f4f9bda9ed44ea5cc82d8d0b44a3bfd8)] -> xpath: //span[@id='FirstName-error']]
2020-04-29 16:04:856 INFO  BrowserSelector :20 - Launching Chrome Browser
2020-04-29 16:04:535 INFO  HomePage :33 - Clicking on register link : [[ChromeDriver: chrome on WINDOWS (037a39b29744abdea06b7a56a522236b)] -> xpath: //a[@class='ico-register']]
2020-04-29 16:04:600 INFO  RegisterPage :90 - Enter last name B to last name field[[ChromeDriver: chrome on WINDOWS (037a39b29744abdea06b7a56a522236b)] -> xpath: //input[@id='LastName']]
2020-04-29 16:04:658 INFO  RegisterPage :97 - Enter date 1 to date field [[ChromeDriver: chrome on WINDOWS (037a39b29744abdea06b7a56a522236b)] -> xpath: //select[@name='DateOfBirthDay']]
2020-04-29 16:04:707 INFO  RegisterPage :97 - Enter date May to date field [[ChromeDriver: chrome on WINDOWS (037a39b29744abdea06b7a56a522236b)] -> xpath: //select[@name='DateOfBirthDay']]
2020-04-29 16:04:755 INFO  RegisterPage :97 - Enter date 2009 to date field [[ChromeDriver: chrome on WINDOWS (037a39b29744abdea06b7a56a522236b)] -> xpath: //select[@name='DateOfBirthDay']]
2020-04-29 16:04:825 INFO  RegisterPage :124 - Enter email def@gmail.com to email field [[ChromeDriver: chrome on WINDOWS (037a39b29744abdea06b7a56a522236b)] -> id: Email]
2020-04-29 16:04:883 INFO  RegisterPage :131 - Enter company name Testing to company's name field [[ChromeDriver: chrome on WINDOWS (037a39b29744abdea06b7a56a522236b)] -> xpath: //input[@name='Company']]
2020-04-29 16:04:960 INFO  RegisterPage :138 -  Enter password def123 to password field [[ChromeDriver: chrome on WINDOWS (037a39b29744abdea06b7a56a522236b)] -> xpath: //input[@name='Password']]
2020-04-29 16:04:32 INFO  RegisterPage :145 -  Enter confirm passworddef123 to confirm password field [[ChromeDriver: chrome on WINDOWS (037a39b29744abdea06b7a56a522236b)] -> xpath: //input[@name='ConfirmPassword']]
2020-04-29 16:04:107 INFO  RegisterPage :152 -  Click on register button [[ChromeDriver: chrome on WINDOWS (037a39b29744abdea06b7a56a522236b)] -> xpath: //input[@name='register-button']]
2020-04-29 16:04:129 INFO  RegisterPage :163 - Verify register Text:  displayed on register page [[ChromeDriver: chrome on WINDOWS (037a39b29744abdea06b7a56a522236b)] -> xpath: //span[@id='FirstName-error']]
2020-04-29 16:04:773 INFO  BrowserSelector :20 - Launching Chrome Browser
2020-04-29 16:04:572 INFO  HomePage :33 - Clicking on register link : [[ChromeDriver: chrome on WINDOWS (c899906d220ee2a73a8e46d7a7a6a7e9)] -> xpath: //a[@class='ico-register']]
2020-04-29 16:04:633 INFO  RegisterPage :90 - Enter last name C to last name field[[ChromeDriver: chrome on WINDOWS (c899906d220ee2a73a8e46d7a7a6a7e9)] -> xpath: //input[@id='LastName']]
2020-04-29 16:04:691 INFO  RegisterPage :97 - Enter date 1 to date field [[ChromeDriver: chrome on WINDOWS (c899906d220ee2a73a8e46d7a7a6a7e9)] -> xpath: //select[@name='DateOfBirthDay']]
2020-04-29 16:04:743 INFO  RegisterPage :97 - Enter date November to date field [[ChromeDriver: chrome on WINDOWS (c899906d220ee2a73a8e46d7a7a6a7e9)] -> xpath: //select[@name='DateOfBirthDay']]
2020-04-29 16:04:803 INFO  RegisterPage :97 - Enter date 2010 to date field [[ChromeDriver: chrome on WINDOWS (c899906d220ee2a73a8e46d7a7a6a7e9)] -> xpath: //select[@name='DateOfBirthDay']]
2020-04-29 16:04:920 INFO  RegisterPage :124 - Enter email ghi@gmail.com to email field [[ChromeDriver: chrome on WINDOWS (c899906d220ee2a73a8e46d7a7a6a7e9)] -> id: Email]
2020-04-29 16:04:998 INFO  RegisterPage :131 - Enter company name Square1 to company's name field [[ChromeDriver: chrome on WINDOWS (c899906d220ee2a73a8e46d7a7a6a7e9)] -> xpath: //input[@name='Company']]
2020-04-29 16:04:75 INFO  RegisterPage :138 -  Enter password ghi123 to password field [[ChromeDriver: chrome on WINDOWS (c899906d220ee2a73a8e46d7a7a6a7e9)] -> xpath: //input[@name='Password']]
2020-04-29 16:04:146 INFO  RegisterPage :145 -  Enter confirm passwordghi123 to confirm password field [[ChromeDriver: chrome on WINDOWS (c899906d220ee2a73a8e46d7a7a6a7e9)] -> xpath: //input[@name='ConfirmPassword']]
2020-04-29 16:04:222 INFO  RegisterPage :152 -  Click on register button [[ChromeDriver: chrome on WINDOWS (c899906d220ee2a73a8e46d7a7a6a7e9)] -> xpath: //input[@name='register-button']]
2020-04-29 16:04:242 INFO  RegisterPage :163 - Verify register Text:  displayed on register page [[ChromeDriver: chrome on WINDOWS (c899906d220ee2a73a8e46d7a7a6a7e9)] -> xpath: //span[@id='FirstName-error']]
2020-04-29 16:04:873 INFO  BrowserSelector :20 - Launching Chrome Browser
2020-04-29 16:04:244 INFO  HomePage :33 - Clicking on register link : [[ChromeDriver: chrome on WINDOWS (c2200908b196fad9e9a11ecabc6128eb)] -> xpath: //a[@class='ico-register']]
2020-04-29 16:04:318 INFO  RegisterPage :90 - Enter last name D to last name field[[ChromeDriver: chrome on WINDOWS (c2200908b196fad9e9a11ecabc6128eb)] -> xpath: //input[@id='LastName']]
2020-04-29 16:04:377 INFO  RegisterPage :97 - Enter date 1 to date field [[ChromeDriver: chrome on WINDOWS (c2200908b196fad9e9a11ecabc6128eb)] -> xpath: //select[@name='DateOfBirthDay']]
2020-04-29 16:04:430 INFO  RegisterPage :97 - Enter date February to date field [[ChromeDriver: chrome on WINDOWS (c2200908b196fad9e9a11ecabc6128eb)] -> xpath: //select[@name='DateOfBirthDay']]
2020-04-29 16:04:478 INFO  RegisterPage :97 - Enter date 2014 to date field [[ChromeDriver: chrome on WINDOWS (c2200908b196fad9e9a11ecabc6128eb)] -> xpath: //select[@name='DateOfBirthDay']]
2020-04-29 16:04:581 INFO  RegisterPage :124 - Enter email jkl@gmail.com to email field [[ChromeDriver: chrome on WINDOWS (c2200908b196fad9e9a11ecabc6128eb)] -> id: Email]
2020-04-29 16:04:702 INFO  RegisterPage :131 - Enter company name Interior Collection to company's name field [[ChromeDriver: chrome on WINDOWS (c2200908b196fad9e9a11ecabc6128eb)] -> xpath: //input[@name='Company']]
2020-04-29 16:04:804 INFO  RegisterPage :138 -  Enter password jkl123 to password field [[ChromeDriver: chrome on WINDOWS (c2200908b196fad9e9a11ecabc6128eb)] -> xpath: //input[@name='Password']]
2020-04-29 16:04:885 INFO  RegisterPage :145 -  Enter confirm passwordjkl123 to confirm password field [[ChromeDriver: chrome on WINDOWS (c2200908b196fad9e9a11ecabc6128eb)] -> xpath: //input[@name='ConfirmPassword']]
2020-04-29 16:04:959 INFO  RegisterPage :152 -  Click on register button [[ChromeDriver: chrome on WINDOWS (c2200908b196fad9e9a11ecabc6128eb)] -> xpath: //input[@name='register-button']]
2020-04-29 16:04:980 INFO  RegisterPage :163 - Verify register Text:  displayed on register page [[ChromeDriver: chrome on WINDOWS (c2200908b196fad9e9a11ecabc6128eb)] -> xpath: //span[@id='FirstName-error']]
2020-04-29 16:04:638 INFO  BrowserSelector :20 - Launching Chrome Browser
2020-04-29 16:04:264 INFO  HomePage :33 - Clicking on register link : [[ChromeDriver: chrome on WINDOWS (03d2e80cb4211b7850cbf44ef6e9440b)] -> xpath: //a[@class='ico-register']]
2020-04-29 16:04:346 INFO  RegisterPage :90 - Enter last name E to last name field[[ChromeDriver: chrome on WINDOWS (03d2e80cb4211b7850cbf44ef6e9440b)] -> xpath: //input[@id='LastName']]
2020-04-29 16:04:406 INFO  RegisterPage :97 - Enter date 1 to date field [[ChromeDriver: chrome on WINDOWS (03d2e80cb4211b7850cbf44ef6e9440b)] -> xpath: //select[@name='DateOfBirthDay']]
2020-04-29 16:04:462 INFO  RegisterPage :97 - Enter date January to date field [[ChromeDriver: chrome on WINDOWS (03d2e80cb4211b7850cbf44ef6e9440b)] -> xpath: //select[@name='DateOfBirthDay']]
2020-04-29 16:04:603 INFO  RegisterPage :97 - Enter date 2020 to date field [[ChromeDriver: chrome on WINDOWS (03d2e80cb4211b7850cbf44ef6e9440b)] -> xpath: //select[@name='DateOfBirthDay']]
2020-04-29 16:04:712 INFO  RegisterPage :124 - Enter email mno@gmail.com to email field [[ChromeDriver: chrome on WINDOWS (03d2e80cb4211b7850cbf44ef6e9440b)] -> id: Email]
2020-04-29 16:04:791 INFO  RegisterPage :131 - Enter company name HarrowGS to company's name field [[ChromeDriver: chrome on WINDOWS (03d2e80cb4211b7850cbf44ef6e9440b)] -> xpath: //input[@name='Company']]
2020-04-29 16:04:862 INFO  RegisterPage :138 -  Enter password mno123 to password field [[ChromeDriver: chrome on WINDOWS (03d2e80cb4211b7850cbf44ef6e9440b)] -> xpath: //input[@name='Password']]
2020-04-29 16:04:930 INFO  RegisterPage :145 -  Enter confirm passwordmno123 to confirm password field [[ChromeDriver: chrome on WINDOWS (03d2e80cb4211b7850cbf44ef6e9440b)] -> xpath: //input[@name='ConfirmPassword']]
2020-04-29 16:04:05 INFO  RegisterPage :152 -  Click on register button [[ChromeDriver: chrome on WINDOWS (03d2e80cb4211b7850cbf44ef6e9440b)] -> xpath: //input[@name='register-button']]
2020-04-29 16:04:25 INFO  RegisterPage :163 - Verify register Text:  displayed on register page [[ChromeDriver: chrome on WINDOWS (03d2e80cb4211b7850cbf44ef6e9440b)] -> xpath: //span[@id='FirstName-error']]
2020-04-29 16:04:415 INFO  BrowserSelector :20 - Launching Chrome Browser
2020-04-29 16:04:504 INFO  HomePage :27 - Clicking on login link : [[ChromeDriver: chrome on WINDOWS (02fd1137ed8098449d2e4c415ebec2a7)] -> link text: Log in]
2020-04-29 16:04:536 INFO  LoginPage :58 - verify welcome text: displayed on welcome text [[ChromeDriver: chrome on WINDOWS (02fd1137ed8098449d2e4c415ebec2a7)] -> xpath: //div[@class='page-title']//h1]
2020-04-29 16:04:416 INFO  BrowserSelector :20 - Launching Chrome Browser
2020-04-29 16:04:917 INFO  HomePage :27 - Clicking on login link : [[ChromeDriver: chrome on WINDOWS (5a59c3d347c831b9d0385dd711679c4b)] -> link text: Log in]
2020-04-29 16:04:72 INFO  LoginPage :37 - Enter email : bjrpatel17@yahoo.com to email field [[ChromeDriver: chrome on WINDOWS (5a59c3d347c831b9d0385dd711679c4b)] -> xpath: //input[@id='Email']]
2020-04-29 16:04:194 INFO  LoginPage :45 - Enter password: abc123to password field[[ChromeDriver: chrome on WINDOWS (5a59c3d347c831b9d0385dd711679c4b)] -> id: Password]
2020-04-29 16:04:269 INFO  LoginPage :52 - Click on login button[[ChromeDriver: chrome on WINDOWS (5a59c3d347c831b9d0385dd711679c4b)] -> xpath: //input[@class='button-1 login-button']]
2020-04-29 16:04:373 INFO  LoginPage :67 - Verify welcome store text: displayed on welcome store pageProxy element for: DefaultElementLocator 'By.xpath: //div[@class='topic-block-title']//h2[text()='Welcome to our store']'
2020-04-29 16:04:517 INFO  BrowserSelector :20 - Launching Chrome Browser
2020-04-29 16:04:600 INFO  HomePage :27 - Clicking on login link : [[ChromeDriver: chrome on WINDOWS (d28a953699e5e7033586d7450694a664)] -> link text: Log in]
2020-04-29 16:04:761 INFO  LoginPage :37 - Enter email : xyz13@gmail.com to email field [[ChromeDriver: chrome on WINDOWS (d28a953699e5e7033586d7450694a664)] -> xpath: //input[@id='Email']]
2020-04-29 16:04:873 INFO  LoginPage :45 - Enter password: abc123to password field[[ChromeDriver: chrome on WINDOWS (d28a953699e5e7033586d7450694a664)] -> id: Password]
2020-04-29 16:04:133 INFO  LoginPage :52 - Click on login buttonProxy element for: DefaultElementLocator 'By.xpath: //input[@class='button-1 login-button']'
2020-04-29 16:04:158 INFO  LoginPage :67 - Verify welcome store text: displayed on welcome store page[[ChromeDriver: chrome on WINDOWS (d28a953699e5e7033586d7450694a664)] -> xpath: //div[@class='topic-block-title']//h2[text()='Welcome to our store']]
2020-04-29 16:04:793 INFO  BrowserSelector :20 - Launching Chrome Browser
2020-04-29 16:04:132 INFO  HomePage :27 - Clicking on login link : [[ChromeDriver: chrome on WINDOWS (4cdabeec8f23a937d1922751a866fb73)] -> link text: Log in]
2020-04-29 16:04:283 INFO  LoginPage :37 - Enter email : xyz1@gmail.com to email field [[ChromeDriver: chrome on WINDOWS (4cdabeec8f23a937d1922751a866fb73)] -> xpath: //input[@id='Email']]
2020-04-29 16:04:393 INFO  LoginPage :45 - Enter password: abc1234to password field[[ChromeDriver: chrome on WINDOWS (4cdabeec8f23a937d1922751a866fb73)] -> id: Password]
2020-04-29 16:04:473 INFO  LoginPage :52 - Click on login button[[ChromeDriver: chrome on WINDOWS (4cdabeec8f23a937d1922751a866fb73)] -> xpath: //input[@class='button-1 login-button']]
2020-04-29 16:04:594 INFO  LoginPage :67 - Verify welcome store text: displayed on welcome store pageProxy element for: DefaultElementLocator 'By.xpath: //div[@class='topic-block-title']//h2[text()='Welcome to our store']'
2020-04-29 16:04:619 INFO  BrowserSelector :20 - Launching Chrome Browser
2020-04-29 16:04:254 INFO  HomePage :27 - Clicking on login link : [[ChromeDriver: chrome on WINDOWS (cc8e26bfba1a2026ee7d60dcadb14dad)] -> link text: Log in]
2020-04-29 16:04:375 INFO  LoginPage :37 - Enter email : ram111@yahoo.com to email field [[ChromeDriver: chrome on WINDOWS (cc8e26bfba1a2026ee7d60dcadb14dad)] -> xpath: //input[@id='Email']]
2020-04-29 16:04:484 INFO  LoginPage :45 - Enter password: london3to password field[[ChromeDriver: chrome on WINDOWS (cc8e26bfba1a2026ee7d60dcadb14dad)] -> id: Password]
2020-04-29 16:04:571 INFO  LoginPage :52 - Click on login button[[ChromeDriver: chrome on WINDOWS (cc8e26bfba1a2026ee7d60dcadb14dad)] -> xpath: //input[@class='button-1 login-button']]
2020-04-29 16:04:667 INFO  LoginPage :67 - Verify welcome store text: displayed on welcome store pageProxy element for: DefaultElementLocator 'By.xpath: //div[@class='topic-block-title']//h2[text()='Welcome to our store']'
2020-04-29 16:04:661 INFO  BrowserSelector :20 - Launching Chrome Browser
2020-04-29 16:04:880 INFO  HomePage :27 - Clicking on login link : [[ChromeDriver: chrome on WINDOWS (1208b1bcbbb30c1e338d5b1d9c9975ec)] -> link text: Log in]
2020-04-29 16:04:996 INFO  LoginPage :37 - Enter email : ram222@yahoo.com to email field [[ChromeDriver: chrome on WINDOWS (1208b1bcbbb30c1e338d5b1d9c9975ec)] -> xpath: //input[@id='Email']]
2020-04-29 16:04:99 INFO  LoginPage :45 - Enter password: london1to password field[[ChromeDriver: chrome on WINDOWS (1208b1bcbbb30c1e338d5b1d9c9975ec)] -> id: Password]
2020-04-29 16:04:173 INFO  LoginPage :52 - Click on login button[[ChromeDriver: chrome on WINDOWS (1208b1bcbbb30c1e338d5b1d9c9975ec)] -> xpath: //input[@class='button-1 login-button']]
2020-04-29 16:04:264 INFO  LoginPage :67 - Verify welcome store text: displayed on welcome store pageProxy element for: DefaultElementLocator 'By.xpath: //div[@class='topic-block-title']//h2[text()='Welcome to our store']'
2020-04-29 16:04:316 INFO  BrowserSelector :20 - Launching Chrome Browser
2020-04-29 16:04:476 INFO  HomePage :27 - Clicking on login link : [[ChromeDriver: chrome on WINDOWS (c893c9f487fb3592ee47bc09db68f428)] -> link text: Log in]
2020-04-29 16:04:592 INFO  LoginPage :37 - Enter email : ram333@yahoo.com to email field [[ChromeDriver: chrome on WINDOWS (c893c9f487fb3592ee47bc09db68f428)] -> xpath: //input[@id='Email']]
2020-04-29 16:04:697 INFO  LoginPage :45 - Enter password: london2to password field[[ChromeDriver: chrome on WINDOWS (c893c9f487fb3592ee47bc09db68f428)] -> id: Password]
2020-04-29 16:04:787 INFO  LoginPage :52 - Click on login button[[ChromeDriver: chrome on WINDOWS (c893c9f487fb3592ee47bc09db68f428)] -> xpath: //input[@class='button-1 login-button']]
2020-04-29 16:04:864 INFO  LoginPage :67 - Verify welcome store text: displayed on welcome store pageProxy element for: DefaultElementLocator 'By.xpath: //div[@class='topic-block-title']//h2[text()='Welcome to our store']'
2020-04-29 16:04:935 INFO  BrowserSelector :20 - Launching Chrome Browser
2020-04-29 16:04:125 INFO  HomePage :27 - Clicking on login link : [[ChromeDriver: chrome on WINDOWS (887ffc09dd665149d2a8893af4475528)] -> link text: Log in]
2020-04-29 16:04:254 INFO  LoginPage :37 - Enter email : ram444@yahoo.com to email field [[ChromeDriver: chrome on WINDOWS (887ffc09dd665149d2a8893af4475528)] -> xpath: //input[@id='Email']]
2020-04-29 16:04:368 INFO  LoginPage :45 - Enter password: london4to password field[[ChromeDriver: chrome on WINDOWS (887ffc09dd665149d2a8893af4475528)] -> id: Password]
2020-04-29 16:04:658 INFO  LoginPage :52 - Click on login buttonProxy element for: DefaultElementLocator 'By.xpath: //input[@class='button-1 login-button']'
2020-04-29 16:04:684 INFO  LoginPage :67 - Verify welcome store text: displayed on welcome store page[[ChromeDriver: chrome on WINDOWS (887ffc09dd665149d2a8893af4475528)] -> xpath: //div[@class='topic-block-title']//h2[text()='Welcome to our store']]
2020-04-29 16:04:347 INFO  BrowserSelector :20 - Launching Chrome Browser
2020-04-29 16:04:294 INFO  HomePage :27 - Clicking on login link : [[ChromeDriver: chrome on WINDOWS (e09a7f08cd28469094a6d6ee20e1b7b2)] -> link text: Log in]
2020-04-29 16:04:456 INFO  LoginPage :37 - Enter email : ram555@yahoo.com to email field [[ChromeDriver: chrome on WINDOWS (e09a7f08cd28469094a6d6ee20e1b7b2)] -> xpath: //input[@id='Email']]
2020-04-29 16:04:589 INFO  LoginPage :45 - Enter password: london5to password field[[ChromeDriver: chrome on WINDOWS (e09a7f08cd28469094a6d6ee20e1b7b2)] -> id: Password]
2020-04-29 16:04:667 INFO  LoginPage :52 - Click on login button[[ChromeDriver: chrome on WINDOWS (e09a7f08cd28469094a6d6ee20e1b7b2)] -> xpath: //input[@class='button-1 login-button']]
2020-04-29 16:04:791 INFO  LoginPage :67 - Verify welcome store text: displayed on welcome store pageProxy element for: DefaultElementLocator 'By.xpath: //div[@class='topic-block-title']//h2[text()='Welcome to our store']'
2020-04-29 16:04:118 INFO  BrowserSelector :20 - Launching Chrome Browser
2020-04-29 16:04:185 INFO  HomePage :33 - Clicking on register link : [[ChromeDriver: chrome on WINDOWS (f02699d88335df290b6eb1c1257170de)] -> xpath: //a[@class='ico-register']]
2020-04-29 16:04:272 INFO  RegisterPage :64 - Verify personal Text:  displayed on personal text page[[ChromeDriver: chrome on WINDOWS (f02699d88335df290b6eb1c1257170de)] -> xpath: //div[@class='title']//strong[text()='Your Personal Details']]
2020-04-29 16:04:924 INFO  BrowserSelector :20 - Launching Chrome Browser
2020-04-29 16:04:971 INFO  HomePage :33 - Clicking on register link : [[ChromeDriver: chrome on WINDOWS (38692dc408c2456e7172089495eb5efd)] -> xpath: //a[@class='ico-register']]
2020-04-29 16:04:83 INFO  RegisterPage :83 - Enter first Name: Jitu to first name field [[ChromeDriver: chrome on WINDOWS (38692dc408c2456e7172089495eb5efd)] -> xpath: //input[@id='FirstName']]
2020-04-29 16:04:156 INFO  RegisterPage :90 - Enter last name Patel to last name field[[ChromeDriver: chrome on WINDOWS (38692dc408c2456e7172089495eb5efd)] -> xpath: //input[@id='LastName']]
2020-04-29 16:04:218 INFO  RegisterPage :97 - Enter date 01 to date field [[ChromeDriver: chrome on WINDOWS (38692dc408c2456e7172089495eb5efd)] -> xpath: //select[@name='DateOfBirthDay']]
2020-04-29 16:04:265 INFO  RegisterPage :97 - Enter date May to date field [[ChromeDriver: chrome on WINDOWS (38692dc408c2456e7172089495eb5efd)] -> xpath: //select[@name='DateOfBirthDay']]
2020-04-29 16:04:313 INFO  RegisterPage :97 - Enter date 1979 to date field [[ChromeDriver: chrome on WINDOWS (38692dc408c2456e7172089495eb5efd)] -> xpath: //select[@name='DateOfBirthDay']]
2020-04-29 16:04:409 INFO  RegisterPage :119 - Enter email teste9y@gmail.com to email field [[ChromeDriver: chrome on WINDOWS (38692dc408c2456e7172089495eb5efd)] -> id: Email]
2020-04-29 16:04:478 INFO  RegisterPage :131 - Enter company name Prime to company's name field [[ChromeDriver: chrome on WINDOWS (38692dc408c2456e7172089495eb5efd)] -> xpath: //input[@name='Company']]
2020-04-29 16:04:553 INFO  RegisterPage :138 -  Enter password abc123 to password field [[ChromeDriver: chrome on WINDOWS (38692dc408c2456e7172089495eb5efd)] -> xpath: //input[@name='Password']]
2020-04-29 16:04:626 INFO  RegisterPage :145 -  Enter confirm passwordabc123 to confirm password field [[ChromeDriver: chrome on WINDOWS (38692dc408c2456e7172089495eb5efd)] -> xpath: //input[@name='ConfirmPassword']]
2020-04-29 16:04:481 INFO  RegisterPage :152 -  Click on register button Proxy element for: DefaultElementLocator 'By.xpath: //input[@name='register-button']'
2020-04-29 16:04:502 INFO  RegisterPage :158 - Verify register Text:  displayed on register page [[ChromeDriver: chrome on WINDOWS (38692dc408c2456e7172089495eb5efd)] -> xpath: //div[@class='page-body']//div[text()='Your registration completed']]
2020-04-29 16:04:141 INFO  BrowserSelector :20 - Launching Chrome Browser
2020-04-29 16:04:359 INFO  HomePage :33 - Clicking on register link : [[ChromeDriver: chrome on WINDOWS (548c9ba5765d3187fb6f8657fc78e3bf)] -> xpath: //a[@class='ico-register']]
2020-04-29 16:04:441 INFO  RegisterPage :90 - Enter last name A to last name field[[ChromeDriver: chrome on WINDOWS (548c9ba5765d3187fb6f8657fc78e3bf)] -> xpath: //input[@id='LastName']]
2020-04-29 16:04:503 INFO  RegisterPage :97 - Enter date 1 to date field [[ChromeDriver: chrome on WINDOWS (548c9ba5765d3187fb6f8657fc78e3bf)] -> xpath: //select[@name='DateOfBirthDay']]
2020-04-29 16:04:569 INFO  RegisterPage :97 - Enter date February to date field [[ChromeDriver: chrome on WINDOWS (548c9ba5765d3187fb6f8657fc78e3bf)] -> xpath: //select[@name='DateOfBirthDay']]
2020-04-29 16:04:629 INFO  RegisterPage :97 - Enter date 2008 to date field [[ChromeDriver: chrome on WINDOWS (548c9ba5765d3187fb6f8657fc78e3bf)] -> xpath: //select[@name='DateOfBirthDay']]
2020-04-29 16:04:735 INFO  RegisterPage :124 - Enter email abc@gmail.com to email field [[ChromeDriver: chrome on WINDOWS (548c9ba5765d3187fb6f8657fc78e3bf)] -> id: Email]
2020-04-29 16:04:803 INFO  RegisterPage :131 - Enter company name Prime to company's name field [[ChromeDriver: chrome on WINDOWS (548c9ba5765d3187fb6f8657fc78e3bf)] -> xpath: //input[@name='Company']]
2020-04-29 16:04:884 INFO  RegisterPage :138 -  Enter password abc123 to password field [[ChromeDriver: chrome on WINDOWS (548c9ba5765d3187fb6f8657fc78e3bf)] -> xpath: //input[@name='Password']]
2020-04-29 16:04:953 INFO  RegisterPage :145 -  Enter confirm passwordabc123 to confirm password field [[ChromeDriver: chrome on WINDOWS (548c9ba5765d3187fb6f8657fc78e3bf)] -> xpath: //input[@name='ConfirmPassword']]
2020-04-29 16:04:27 INFO  RegisterPage :152 -  Click on register button [[ChromeDriver: chrome on WINDOWS (548c9ba5765d3187fb6f8657fc78e3bf)] -> xpath: //input[@name='register-button']]
2020-04-29 16:04:47 INFO  RegisterPage :163 - Verify register Text:  displayed on register page [[ChromeDriver: chrome on WINDOWS (548c9ba5765d3187fb6f8657fc78e3bf)] -> xpath: //span[@id='FirstName-error']]
2020-04-29 16:04:722 INFO  BrowserSelector :20 - Launching Chrome Browser
2020-04-29 16:04:408 INFO  HomePage :33 - Clicking on register link : [[ChromeDriver: chrome on WINDOWS (e59f8b609fb942b7c76ed79e07d3a7b8)] -> xpath: //a[@class='ico-register']]
2020-04-29 16:04:487 INFO  RegisterPage :90 - Enter last name B to last name field[[ChromeDriver: chrome on WINDOWS (e59f8b609fb942b7c76ed79e07d3a7b8)] -> xpath: //input[@id='LastName']]
2020-04-29 16:04:552 INFO  RegisterPage :97 - Enter date 1 to date field [[ChromeDriver: chrome on WINDOWS (e59f8b609fb942b7c76ed79e07d3a7b8)] -> xpath: //select[@name='DateOfBirthDay']]
2020-04-29 16:04:595 INFO  RegisterPage :97 - Enter date May to date field [[ChromeDriver: chrome on WINDOWS (e59f8b609fb942b7c76ed79e07d3a7b8)] -> xpath: //select[@name='DateOfBirthDay']]
2020-04-29 16:04:640 INFO  RegisterPage :97 - Enter date 2009 to date field [[ChromeDriver: chrome on WINDOWS (e59f8b609fb942b7c76ed79e07d3a7b8)] -> xpath: //select[@name='DateOfBirthDay']]
2020-04-29 16:04:727 INFO  RegisterPage :124 - Enter email def@gmail.com to email field [[ChromeDriver: chrome on WINDOWS (e59f8b609fb942b7c76ed79e07d3a7b8)] -> id: Email]
2020-04-29 16:04:812 INFO  RegisterPage :131 - Enter company name Testing to company's name field [[ChromeDriver: chrome on WINDOWS (e59f8b609fb942b7c76ed79e07d3a7b8)] -> xpath: //input[@name='Company']]
2020-04-29 16:04:892 INFO  RegisterPage :138 -  Enter password def123 to password field [[ChromeDriver: chrome on WINDOWS (e59f8b609fb942b7c76ed79e07d3a7b8)] -> xpath: //input[@name='Password']]
2020-04-29 16:04:959 INFO  RegisterPage :145 -  Enter confirm passworddef123 to confirm password field [[ChromeDriver: chrome on WINDOWS (e59f8b609fb942b7c76ed79e07d3a7b8)] -> xpath: //input[@name='ConfirmPassword']]
2020-04-29 16:04:95 INFO  RegisterPage :152 -  Click on register button [[ChromeDriver: chrome on WINDOWS (e59f8b609fb942b7c76ed79e07d3a7b8)] -> xpath: //input[@name='register-button']]
2020-04-29 16:04:132 INFO  RegisterPage :163 - Verify register Text:  displayed on register page [[ChromeDriver: chrome on WINDOWS (e59f8b609fb942b7c76ed79e07d3a7b8)] -> xpath: //span[@id='FirstName-error']]
2020-04-29 16:04:387 INFO  BrowserSelector :20 - Launching Chrome Browser
2020-04-29 16:04:179 INFO  HomePage :33 - Clicking on register link : [[ChromeDriver: chrome on WINDOWS (80d868c6b37171c017a490253ec82517)] -> xpath: //a[@class='ico-register']]
2020-04-29 16:04:261 INFO  RegisterPage :90 - Enter last name C to last name field[[ChromeDriver: chrome on WINDOWS (80d868c6b37171c017a490253ec82517)] -> xpath: //input[@id='LastName']]
2020-04-29 16:04:326 INFO  RegisterPage :97 - Enter date 1 to date field [[ChromeDriver: chrome on WINDOWS (80d868c6b37171c017a490253ec82517)] -> xpath: //select[@name='DateOfBirthDay']]
2020-04-29 16:04:402 INFO  RegisterPage :97 - Enter date November to date field [[ChromeDriver: chrome on WINDOWS (80d868c6b37171c017a490253ec82517)] -> xpath: //select[@name='DateOfBirthDay']]
2020-04-29 16:04:453 INFO  RegisterPage :97 - Enter date 2010 to date field [[ChromeDriver: chrome on WINDOWS (80d868c6b37171c017a490253ec82517)] -> xpath: //select[@name='DateOfBirthDay']]
2020-04-29 16:04:555 INFO  RegisterPage :124 - Enter email ghi@gmail.com to email field [[ChromeDriver: chrome on WINDOWS (80d868c6b37171c017a490253ec82517)] -> id: Email]
2020-04-29 16:04:638 INFO  RegisterPage :131 - Enter company name Square1 to company's name field [[ChromeDriver: chrome on WINDOWS (80d868c6b37171c017a490253ec82517)] -> xpath: //input[@name='Company']]
2020-04-29 16:04:715 INFO  RegisterPage :138 -  Enter password ghi123 to password field [[ChromeDriver: chrome on WINDOWS (80d868c6b37171c017a490253ec82517)] -> xpath: //input[@name='Password']]
2020-04-29 16:04:793 INFO  RegisterPage :145 -  Enter confirm passwordghi123 to confirm password field [[ChromeDriver: chrome on WINDOWS (80d868c6b37171c017a490253ec82517)] -> xpath: //input[@name='ConfirmPassword']]
2020-04-29 16:04:875 INFO  RegisterPage :152 -  Click on register button [[ChromeDriver: chrome on WINDOWS (80d868c6b37171c017a490253ec82517)] -> xpath: //input[@name='register-button']]
2020-04-29 16:04:895 INFO  RegisterPage :163 - Verify register Text:  displayed on register page [[ChromeDriver: chrome on WINDOWS (80d868c6b37171c017a490253ec82517)] -> xpath: //span[@id='FirstName-error']]
2020-04-29 16:04:559 INFO  BrowserSelector :20 - Launching Chrome Browser
2020-04-29 16:04:865 INFO  HomePage :33 - Clicking on register link : [[ChromeDriver: chrome on WINDOWS (3a469601a3fc3521ee2a7a313b2994ff)] -> xpath: //a[@class='ico-register']]
2020-04-29 16:04:932 INFO  RegisterPage :90 - Enter last name D to last name field[[ChromeDriver: chrome on WINDOWS (3a469601a3fc3521ee2a7a313b2994ff)] -> xpath: //input[@id='LastName']]
2020-04-29 16:04:993 INFO  RegisterPage :97 - Enter date 1 to date field [[ChromeDriver: chrome on WINDOWS (3a469601a3fc3521ee2a7a313b2994ff)] -> xpath: //select[@name='DateOfBirthDay']]
2020-04-29 16:04:45 INFO  RegisterPage :97 - Enter date February to date field [[ChromeDriver: chrome on WINDOWS (3a469601a3fc3521ee2a7a313b2994ff)] -> xpath: //select[@name='DateOfBirthDay']]
2020-04-29 16:04:102 INFO  RegisterPage :97 - Enter date 2014 to date field [[ChromeDriver: chrome on WINDOWS (3a469601a3fc3521ee2a7a313b2994ff)] -> xpath: //select[@name='DateOfBirthDay']]
2020-04-29 16:04:202 INFO  RegisterPage :124 - Enter email jkl@gmail.com to email field [[ChromeDriver: chrome on WINDOWS (3a469601a3fc3521ee2a7a313b2994ff)] -> id: Email]
2020-04-29 16:04:296 INFO  RegisterPage :131 - Enter company name Interior Collection to company's name field [[ChromeDriver: chrome on WINDOWS (3a469601a3fc3521ee2a7a313b2994ff)] -> xpath: //input[@name='Company']]
2020-04-29 16:04:375 INFO  RegisterPage :138 -  Enter password jkl123 to password field [[ChromeDriver: chrome on WINDOWS (3a469601a3fc3521ee2a7a313b2994ff)] -> xpath: //input[@name='Password']]
2020-04-29 16:04:443 INFO  RegisterPage :145 -  Enter confirm passwordjkl123 to confirm password field [[ChromeDriver: chrome on WINDOWS (3a469601a3fc3521ee2a7a313b2994ff)] -> xpath: //input[@name='ConfirmPassword']]
2020-04-29 16:04:536 INFO  RegisterPage :152 -  Click on register button [[ChromeDriver: chrome on WINDOWS (3a469601a3fc3521ee2a7a313b2994ff)] -> xpath: //input[@name='register-button']]
2020-04-29 16:04:556 INFO  RegisterPage :163 - Verify register Text:  displayed on register page [[ChromeDriver: chrome on WINDOWS (3a469601a3fc3521ee2a7a313b2994ff)] -> xpath: //span[@id='FirstName-error']]
2020-04-29 16:04:325 INFO  BrowserSelector :20 - Launching Chrome Browser
2020-04-29 16:04:445 INFO  HomePage :33 - Clicking on register link : [[ChromeDriver: chrome on WINDOWS (1265de17677c4893eb590e2b9638fff5)] -> xpath: //a[@class='ico-register']]
2020-04-29 16:04:527 INFO  RegisterPage :90 - Enter last name E to last name field[[ChromeDriver: chrome on WINDOWS (1265de17677c4893eb590e2b9638fff5)] -> xpath: //input[@id='LastName']]
2020-04-29 16:04:600 INFO  RegisterPage :97 - Enter date 1 to date field [[ChromeDriver: chrome on WINDOWS (1265de17677c4893eb590e2b9638fff5)] -> xpath: //select[@name='DateOfBirthDay']]
2020-04-29 16:04:658 INFO  RegisterPage :97 - Enter date January to date field [[ChromeDriver: chrome on WINDOWS (1265de17677c4893eb590e2b9638fff5)] -> xpath: //select[@name='DateOfBirthDay']]
2020-04-29 16:04:712 INFO  RegisterPage :97 - Enter date 2020 to date field [[ChromeDriver: chrome on WINDOWS (1265de17677c4893eb590e2b9638fff5)] -> xpath: //select[@name='DateOfBirthDay']]
2020-04-29 16:04:823 INFO  RegisterPage :124 - Enter email mno@gmail.com to email field [[ChromeDriver: chrome on WINDOWS (1265de17677c4893eb590e2b9638fff5)] -> id: Email]
2020-04-29 16:04:907 INFO  RegisterPage :131 - Enter company name HarrowGS to company's name field [[ChromeDriver: chrome on WINDOWS (1265de17677c4893eb590e2b9638fff5)] -> xpath: //input[@name='Company']]
2020-04-29 16:04:979 INFO  RegisterPage :138 -  Enter password mno123 to password field [[ChromeDriver: chrome on WINDOWS (1265de17677c4893eb590e2b9638fff5)] -> xpath: //input[@name='Password']]
2020-04-29 16:04:67 INFO  RegisterPage :145 -  Enter confirm passwordmno123 to confirm password field [[ChromeDriver: chrome on WINDOWS (1265de17677c4893eb590e2b9638fff5)] -> xpath: //input[@name='ConfirmPassword']]
2020-04-29 16:04:141 INFO  RegisterPage :152 -  Click on register button [[ChromeDriver: chrome on WINDOWS (1265de17677c4893eb590e2b9638fff5)] -> xpath: //input[@name='register-button']]
2020-04-29 16:04:164 INFO  RegisterPage :163 - Verify register Text:  displayed on register page [[ChromeDriver: chrome on WINDOWS (1265de17677c4893eb590e2b9638fff5)] -> xpath: //span[@id='FirstName-error']]
2020-05-02 08:05:529 INFO  BrowserSelector :20 - Launching Chrome Browser
2020-05-02 08:05:616 INFO  HomePage :40 - Clicking on Computer link : [[ChromeDriver: chrome on WINDOWS (b6f3fb01a410f21e6faa50d771e324ce)] -> link text: Computers]
2020-05-02 08:05:664 INFO  ComputerPage :24 -  verify Computer text [[ChromeDriver: chrome on WINDOWS (b6f3fb01a410f21e6faa50d771e324ce)] -> xpath: //h1[contains(text(),'Computers')]]
2020-05-02 08:05:344 INFO  BrowserSelector :20 - Launching Chrome Browser
2020-05-02 08:05:42 INFO  HomePage :40 - Clicking on Computer link : [[ChromeDriver: chrome on WINDOWS (ee19b226030e474f3e06cbd87a6c4bc2)] -> link text: Computers]
2020-05-02 08:05:82 INFO  ComputerPage :24 -  verify Computer text [[ChromeDriver: chrome on WINDOWS (ee19b226030e474f3e06cbd87a6c4bc2)] -> xpath: //h1[contains(text(),'Computers')]]
2020-05-02 08:05:270 INFO  ComputerPage :33 - Clicking on Desktop Button[[ChromeDriver: chrome on WINDOWS (ee19b226030e474f3e06cbd87a6c4bc2)] -> xpath: //li[@class='inactive']//a[@href='/desktops']]
2020-05-02 08:05:311 INFO  BrowserSelector :20 - Launching Chrome Browser
2020-05-02 08:05:907 INFO  HomePage :40 - Clicking on Computer link : [[ChromeDriver: chrome on WINDOWS (938f6a87c1fd6f92b719d89fdbf92e9e)] -> link text: Computers]
2020-05-02 08:05:954 INFO  ComputerPage :24 -  verify Computer text [[ChromeDriver: chrome on WINDOWS (938f6a87c1fd6f92b719d89fdbf92e9e)] -> xpath: //h1[contains(text(),'Computers')]]
2020-05-02 08:05:642 INFO  BrowserSelector :20 - Launching Chrome Browser
2020-05-02 08:05:615 INFO  HomePage :40 - Clicking on Computer link : [[ChromeDriver: chrome on WINDOWS (d6372f3ba699081ac4eb4dbba334dace)] -> link text: Computers]
2020-05-02 08:05:641 INFO  ComputerPage :24 -  verify Computer text [[ChromeDriver: chrome on WINDOWS (d6372f3ba699081ac4eb4dbba334dace)] -> xpath: //h1[contains(text(),'Computers')]]
2020-05-02 08:05:746 INFO  ComputerPage :33 - Clicking on Desktop Button[[ChromeDriver: chrome on WINDOWS (d6372f3ba699081ac4eb4dbba334dace)] -> xpath: //li[@class='inactive']//a[@href='/desktops']]
2020-05-02 08:05:393 INFO  BrowserSelector :20 - Launching Chrome Browser
2020-05-02 08:05:875 INFO  HomePage :40 - Clicking on Computer link : [[ChromeDriver: chrome on WINDOWS (edf39fb383a1d58f029887ff99caf8f9)] -> link text: Computers]
2020-05-02 08:05:898 INFO  ComputerPage :24 -  verify Computer text [[ChromeDriver: chrome on WINDOWS (edf39fb383a1d58f029887ff99caf8f9)] -> xpath: //h1[contains(text(),'Computers')]]
2020-05-02 08:05:526 INFO  BrowserSelector :20 - Launching Chrome Browser
2020-05-02 08:05:861 INFO  HomePage :40 - Clicking on Computer link : [[ChromeDriver: chrome on WINDOWS (117ecfa0936a592b050446e1da7fdd0e)] -> link text: Computers]
2020-05-02 08:05:882 INFO  ComputerPage :24 -  verify Computer text [[ChromeDriver: chrome on WINDOWS (117ecfa0936a592b050446e1da7fdd0e)] -> xpath: //h1[contains(text(),'Computers')]]
2020-05-02 08:05:156 INFO  ComputerPage :33 - Clicking on Desktop ButtonProxy element for: DefaultElementLocator 'By.xpath: //li[@class='inactive']//a[@href='/desktops']'
2020-05-02 08:05:107 INFO  DesktopPage :32 - Clicking on build your computer linkProxy element for: DefaultElementLocator 'By.xpath: //a[contains(text(),'Build your own computer')]'
2020-05-02 08:05:186 INFO  DesktopPage :39 - Clicking on 400GB hard disk drive[[ChromeDriver: chrome on WINDOWS (117ecfa0936a592b050446e1da7fdd0e)] -> id: product_attribute_3_7]
2020-05-02 08:05:247 INFO  DesktopPage :46 - Clicking on add to card button[[ChromeDriver: chrome on WINDOWS (117ecfa0936a592b050446e1da7fdd0e)] -> id: add-to-cart-button-1]
2020-05-02 08:05:594 INFO  DesktopPage :52 - Verify product add successfuly text[[ChromeDriver: chrome on WINDOWS (117ecfa0936a592b050446e1da7fdd0e)] -> xpath: //p[@class='content']]
2020-05-02 08:05:06 INFO  BrowserSelector :20 - Launching Chrome Browser
2020-05-02 08:05:868 INFO  HomePage :50 - Click on books link[[ChromeDriver: chrome on WINDOWS (c0a7b1fd78bf9c25394d6ba6a2f436c9)] -> xpath: //ul[@class='top-menu notmobile']//li[5]/a]
2020-05-02 08:05:985 INFO  BookPage :40 - Verify text: Books is displayed [[ChromeDriver: chrome on WINDOWS (c0a7b1fd78bf9c25394d6ba6a2f436c9)] -> xpath: //h1[contains(text(),'Books')]]
2020-05-02 08:05:579 INFO  BrowserSelector :20 - Launching Chrome Browser
2020-05-02 08:05:642 INFO  HomePage :50 - Click on books link[[ChromeDriver: chrome on WINDOWS (8e1fac42610265f035d9f71dc2025090)] -> xpath: //ul[@class='top-menu notmobile']//li[5]/a]
2020-05-02 08:05:967 INFO  BookPage :47 - Select to sort Books by alphabetical order AtoZ from drop down [[ChromeDriver: chrome on WINDOWS (8e1fac42610265f035d9f71dc2025090)] -> css selector: select#products-orderby]
2020-05-02 08:05:76 INFO  BookPage :81 - Verify that books: [Fahrenheit 451 by Ray Bradbury, First Prize Pies, Pride and Prejudice] are sorted AtoZ [[ChromeDriver: chrome on WINDOWS (8e1fac42610265f035d9f71dc2025090)] -> xpath: //div[@class='product-grid']//h2/a]
2020-05-02 08:05:679 INFO  BrowserSelector :20 - Launching Chrome Browser
2020-05-02 08:05:709 INFO  HomePage :50 - Click on books link[[ChromeDriver: chrome on WINDOWS (9e37330936118cad1fb4a42104c97519)] -> xpath: //ul[@class='top-menu notmobile']//li[5]/a]
2020-05-02 08:05:65 INFO  BookPage :54 - Select to sort prices of Books Low to High from drop down [[ChromeDriver: chrome on WINDOWS (9e37330936118cad1fb4a42104c97519)] -> css selector: select#products-orderby]
2020-05-02 08:05:156 INFO  BookPage :108 - Verify that books: [$24.00, $27.00, $51.00] are sorted Low to High [[ChromeDriver: chrome on WINDOWS (9e37330936118cad1fb4a42104c97519)] -> xpath: //span[@class='price actual-price']]
